<?xml version="1.0" encoding="UTF-8"?>
<testsuite xmlns:xsi="http://www.w3.org/2001/XMLSchema-instance" xsi:noNamespaceSchemaLocation="https://maven.apache.org/surefire/maven-surefire-plugin/xsd/surefire-test-report.xsd" name="org.example.AppTest" time="0.074" tests="6" errors="0" skipped="0" failures="0">
  <properties>
[...]
</properties>
  <testcase name="zeroAsInput" classname="org.example.AppTest" time="0.003"/>
  <testcase name="oneAsInput" classname="org.example.AppTest" time="0"/>
  <testcase name="negativeInput" classname="org.example.AppTest" time="0"/>
  <testcase name="getFibResult_2" classname="org.example.AppTest" time="0"/>
  <testcase name="getFibResult_3" classname="org.example.AppTest" time="0"/>
  <testcase name="getFibResult" classname="org.example.AppTest" time="0"/>
</testsuite>